<?xml version="1.0" encoding="UTF-8"?>
<!-- Generated by org.testng.reporters.JUnitReportReporter -->
<testsuite hostname="LAPTOP-KBFLVL2M" failures="0" tests="1" name="demo.Demo1" time="12.014" errors="0" timestamp="2023-06-11T18:08:41 IST" skipped="0">
  <testcase classname="demo.Demo1" name="test" time="12.014"/>
  <system-out/>
</testsuite> <!-- demo.Demo1 -->
