<?xml version="1.0" encoding="UTF-8"?>
<!-- Generated by org.testng.reporters.JUnitReportReporter -->
<testsuite hostname="LAPTOP-KBFLVL2M" failures="0" tests="1" name="Basecl.baseclass" time="10.777" errors="0" timestamp="2023-06-11T18:09:51 IST" skipped="0">
  <testcase classname="Basecl.baseclass" name="base" time="10.777"/>
  <system-out/>
</testsuite> <!-- Basecl.baseclass -->
