<?xml version="1.0" encoding="UTF-8"?>
<!-- Generated by org.testng.reporters.JUnitReportReporter -->
<testsuite hostname="LAPTOP-KBFLVL2M" failures="0" tests="1" name="base.baseclass" time="20.717" errors="0" timestamp="2023-06-11T18:07:51 IST" skipped="0">
  <testcase classname="base.baseclass" name="openbroswer" time="20.717"/>
  <system-out/>
</testsuite> <!-- base.baseclass -->
