<?xml version="1.0" encoding="UTF-8"?>
<!-- Generated by org.testng.reporters.JUnitReportReporter -->
<testsuite hostname="LAPTOP-KBFLVL2M" failures="0" tests="1" name="testscipt.Block2" time="0.026" errors="0" timestamp="2023-06-26T14:30:31 IST" skipped="0">
  <testcase classname="testscipt.Block2" name="block2" time="0.026"/>
  <system-out/>
</testsuite> <!-- testscipt.Block2 -->
