<?xml version="1.0" encoding="UTF-8"?>
<!-- Generated by org.testng.reporters.JUnitReportReporter -->
<testsuite hostname="LAPTOP-KBFLVL2M" failures="0" tests="1" name="testscipt.Block1" time="0.030" errors="0" timestamp="2023-06-26T14:38:58 IST" skipped="0">
  <testcase classname="testscipt.Block1" name="block1" time="0.030"/>
  <system-out/>
</testsuite> <!-- testscipt.Block1 -->
