<?xml version="1.0" encoding="UTF-8"?>
<!-- Generated by org.testng.reporters.JUnitReportReporter -->
<testsuite hostname="LAPTOP-KBFLVL2M" failures="0" tests="1" name="basepackage.dummy" time="0.015" errors="0" timestamp="2023-06-11T14:33:29 IST" skipped="0">
  <testcase classname="basepackage.dummy" name="dumm" time="0.015"/>
  <system-out/>
</testsuite> <!-- basepackage.dummy -->
