<?xml version="1.0" encoding="UTF-8"?>
<!-- Generated by org.testng.reporters.JUnitReportReporter -->
<testsuite hostname="LAPTOP-KBFLVL2M" failures="0" tests="1" name="basepackage.baseclass" time="20.173" errors="0" timestamp="2023-06-11T16:58:56 IST" skipped="0">
  <testcase classname="basepackage.baseclass" name="open" time="20.173"/>
  <system-out/>
</testsuite> <!-- basepackage.baseclass -->
